{"logLevel":"debug","message":"multithreading is set to false"}
{"logLevel":"debug","message":"Using reflection to scan dependencies for gauge implementations..."}
ERROR StatusLogger No log4j2 configuration file found. Using default configuration: logging only errors to the console. Set system property 'org.apache.logging.log4j.simplelog.StatusLogger.level' to TRACE to show Log4j2 internal initialization logging.
{"logLevel":"debug","message":"gauge-java took 1930milliseconds to load and scan. This should be less than 'runner_connection_timeout' config value."}
{"logLevel":"debug","message":"run 'gauge config runner_connection_timeout' and verify that it is < 1930"}
{"logLevel":"debug","message":"starting gRPC server..."}
{"logLevel":"debug","message":"started gRPC server on port 56771"}
{"logLevel":"info","message":"Listening on port:56771"}
{"logLevel":"debug","message":"Scanning packages for steps"}
{"logLevel":"debug","message":"Comparing 'step.StepImplementation.controlBtqImg' and 'step.StepImplementation.controlBtqImg'"}
{"logLevel":"debug","message":"Found Control all boutique image in current project scope."}
{"logLevel":"debug","message":"Comparing 'step.StepImplementation.goToUrl' and 'step.StepImplementation.goToUrl'"}
{"logLevel":"debug","message":"Found Go to {} adress in current project scope."}
{"logLevel":"debug","message":"Comparing 'step.StepImplementation.checkElementVisibiltyAndClick' and 'step.StepImplementation.checkElementVisibiltyAndClick'"}
{"logLevel":"debug","message":"Found Wait for {} and click in current project scope."}
{"logLevel":"debug","message":"Comparing 'step.StepImplementation.waitBySeconds' and 'step.StepImplementation.waitBySeconds'"}
{"logLevel":"debug","message":"Found {} second wait in current project scope."}
{"logLevel":"debug","message":"Comparing 'step.StepImplementation.sendKeys' and 'step.StepImplementation.sendKeys'"}
{"logLevel":"debug","message":"Found Write {} to the {} and clear area in current project scope."}
{"logLevel":"debug","message":"Comparing 'step.StepImplementation.isElementClickable' and 'step.StepImplementation.isElementClickable'"}
{"logLevel":"debug","message":"Found Is {} element Clickable ? {} in current project scope."}
{"logLevel":"debug","message":"Comparing 'step.StepImplementation.isElementVisible' and 'step.StepImplementation.isElementVisible'"}
{"logLevel":"debug","message":"Found Is {} element Visible ? {} in current project scope."}
{"logLevel":"debug","message":"Comparing 'step.StepImplementation.chooseRandomBoutique' and 'step.StepImplementation.chooseRandomBoutique'"}
{"logLevel":"debug","message":"Found Choose random boutique in current project scope."}
{"logLevel":"debug","message":"Comparing 'step.StepImplementation.hoverStep' and 'step.StepImplementation.hoverStep'"}
{"logLevel":"debug","message":"Found Hover to {} in current project scope."}
{"logLevel":"debug","message":"Scanning packages for hooks"}
{"logLevel":"debug","message":"Scanned steps (using static parsing + reflections): "}
{"logLevel":"debug","message":"\tHover to {} : public void hoverStep(String key)"}
{"logLevel":"debug","message":"\tGo to {} adress : public void goToUrl(String url)"}
{"logLevel":"debug","message":"\tControl all boutique image : public void controlBtqImg()"}
{"logLevel":"debug","message":"\tIs {} element Clickable ? {} : public boolean isElementClickable(String key, ınt timeout)"}
{"logLevel":"debug","message":"\tIs {} element Visible ? {} : public boolean isElementVisible(String key, ınt timeout)"}
{"logLevel":"debug","message":"\t{} second wait : public void waitBySeconds(ınt seconds)"}
{"logLevel":"debug","message":"\tWait for {} and click : public void checkElementVisibiltyAndClick(String key)"}
{"logLevel":"debug","message":"\tWrite {} to the {} and clear area : public void sendKeys(String text, String key)"}
{"logLevel":"debug","message":"\tChoose random boutique : public void chooseRandomBoutique()"}
