{"logLevel":"debug","message":"multithreading is set to false"}
{"logLevel":"debug","message":"Using reflection to scan dependencies for gauge implementations..."}
ERROR StatusLogger No log4j2 configuration file found. Using default configuration: logging only errors to the console. Set system property 'org.apache.logging.log4j.simplelog.StatusLogger.level' to TRACE to show Log4j2 internal initialization logging.
{"logLevel":"debug","message":"gauge-java took 2048milliseconds to load and scan. This should be less than 'runner_connection_timeout' config value."}
{"logLevel":"debug","message":"run 'gauge config runner_connection_timeout' and verify that it is < 2048"}
{"logLevel":"debug","message":"starting gRPC server..."}
{"logLevel":"debug","message":"started gRPC server on port 61127"}
{"logLevel":"info","message":"Listening on port:61127"}
{"logLevel":"debug","message":"Scanning packages for steps"}
{"logLevel":"debug","message":"Comparing 'step.StepImplementation.controlBtqImg' and 'step.StepImplementation.controlBtqImg'"}
{"logLevel":"debug","message":"Found Control all boutique image in current project scope."}
{"logLevel":"debug","message":"Comparing 'step.StepImplementation.goToUrl' and 'step.StepImplementation.goToUrl'"}
{"logLevel":"debug","message":"Found Go to {} adress in current project scope."}
{"logLevel":"debug","message":"Comparing 'step.StepImplementation.checkElementVisibiltyAndClick' and 'step.StepImplementation.checkElementVisibiltyAndClick'"}
{"logLevel":"debug","message":"Found Wait for {} and click in current project scope."}
{"logLevel":"debug","message":"Comparing 'step.StepImplementation.waitBySeconds' and 'step.StepImplementation.waitBySeconds'"}
{"logLevel":"debug","message":"Found {} second wait in current project scope."}
{"logLevel":"debug","message":"Comparing 'step.StepImplementation.sendKeys' and 'step.StepImplementation.sendKeys'"}
{"logLevel":"debug","message":"Found Write {} to the {} and clear area in current project scope."}
{"logLevel":"debug","message":"Comparing 'step.StepImplementation.isElementClickable' and 'step.StepImplementation.isElementClickable'"}
{"logLevel":"debug","message":"Found Is {} element Clickable ? {} in current project scope."}
{"logLevel":"debug","message":"Comparing 'step.StepImplementation.isElementVisible' and 'step.StepImplementation.isElementVisible'"}
{"logLevel":"debug","message":"Found Is {} element Visible ? {} in current project scope."}
{"logLevel":"debug","message":"Comparing 'step.StepImplementation.chooseRandomBoutique' and 'step.StepImplementation.chooseRandomBoutique'"}
{"logLevel":"debug","message":"Found Choose random boutique in current project scope."}
{"logLevel":"debug","message":"Comparing 'step.StepImplementation.hoverStep' and 'step.StepImplementation.hoverStep'"}
{"logLevel":"debug","message":"Found Hover to {} in current project scope."}
{"logLevel":"debug","message":"Scanning packages for hooks"}
{"logLevel":"debug","message":"Scanned steps (using static parsing + reflections): "}
{"logLevel":"debug","message":"\tHover to {} : public void hoverStep(String key)"}
{"logLevel":"debug","message":"\tGo to {} adress : public void goToUrl(String url)"}
{"logLevel":"debug","message":"\tControl all boutique image : public void controlBtqImg()"}
{"logLevel":"debug","message":"\tIs {} element Clickable ? {} : public boolean isElementClickable(String key, 覺nt timeout)"}
{"logLevel":"debug","message":"\tIs {} element Visible ? {} : public boolean isElementVisible(String key, 覺nt timeout)"}
{"logLevel":"debug","message":"\t{} second wait : public void waitBySeconds(覺nt seconds)"}
{"logLevel":"debug","message":"\tWait for {} and click : public void checkElementVisibiltyAndClick(String key)"}
{"logLevel":"debug","message":"\tWrite {} to the {} and clear area : public void sendKeys(String text, String key)"}
{"logLevel":"debug","message":"\tChoose random boutique : public void chooseRandomBoutique()"}
Oca 11, 2021 1:51:47 AM org.openqa.selenium.remote.DesiredCapabilities chrome
INFO: Using `new ChromeOptions()` is preferred to `DesiredCapabilities.chrome()`
Starting ChromeDriver 87.0.4280.20 (c99e81631faa0b2a448e658c0dbd8311fb04ddbd-refs/branch-heads/4280@{#355}) on port 11123
Only local connections are allowed.
Please see https://chromedriver.chromium.org/security-considerations for suggestions on keeping ChromeDriver safe.
ChromeDriver was started successfully.
Oca 11, 2021 1:51:49 AM org.openqa.selenium.remote.ProtocolHandshake createSession
INFO: Detected dialect: W3C
{"logLevel":"debug","message":"Executing 'Go to {} adress' using 'class step.StepImplementation.goToUrl"}
{"logLevel":"debug","message":"Executing '{} second wait' using 'class step.StepImplementation.waitBySeconds"}
{"logLevel":"debug","message":"Executing 'Wait for {} and click' using 'class step.StepImplementation.checkElementVisibiltyAndClick"}
{"logLevel":"debug","message":"Executing 'Hover to {}' using 'class step.StepImplementation.hoverStep"}
01:52:38.029 [pool-2-thread-1] ERROR Base.BaseTest - By.cssSelector: .i-user-orange---> visibilityOfElementLocated error. [Ljava.lang.StackTraceElement;@43a980a3
{"logLevel":"debug","message":"Executing 'Wait for {} and click' using 'class step.StepImplementation.checkElementVisibiltyAndClick"}
{"logLevel":"debug","message":"Executing 'Write {} to the {} and clear area' using 'class step.StepImplementation.sendKeys"}
{"logLevel":"debug","message":"Executing 'Write {} to the {} and clear area' using 'class step.StepImplementation.sendKeys"}
{"logLevel":"debug","message":"Executing 'Wait for {} and click' using 'class step.StepImplementation.checkElementVisibiltyAndClick"}
{"logLevel":"debug","message":"Executing 'Is {} element Visible ? {}' using 'class step.StepImplementation.isElementVisible"}
01:53:25.703 [pool-2-thread-1] ERROR Base.BaseTest - By.xpath: //span[@id='logged-in-container']/span[contains(text(),'Hesab覺m')]---> visibilityOfElementLocated error. [Ljava.lang.StackTraceElement;@74a30bc8
{"logLevel":"debug","message":"Executing '{} second wait' using 'class step.StepImplementation.waitBySeconds"}
{"logLevel":"debug","message":"Executing 'Control all boutique image' using 'class step.StepImplementation.controlBtqImg"}
