{"logLevel":"debug","message":"multithreading is set to false"}
{"logLevel":"debug","message":"Using reflection to scan dependencies for gauge implementations..."}
ERROR StatusLogger No log4j2 configuration file found. Using default configuration: logging only errors to the console. Set system property 'org.apache.logging.log4j.simplelog.StatusLogger.level' to TRACE to show Log4j2 internal initialization logging.
{"logLevel":"debug","message":"gauge-java took 2205milliseconds to load and scan. This should be less than 'runner_connection_timeout' config value."}
{"logLevel":"debug","message":"run 'gauge config runner_connection_timeout' and verify that it is < 2205"}
{"logLevel":"debug","message":"starting gRPC server..."}
{"logLevel":"debug","message":"started gRPC server on port 52800"}
{"logLevel":"info","message":"Listening on port:52800"}
{"logLevel":"debug","message":"Scanning packages for steps"}
{"logLevel":"debug","message":"Comparing 'step.StepImplementation.goToUrl' and 'step.StepImplementation.goToUrl'"}
{"logLevel":"debug","message":"Found Go to {} in current project scope."}
{"logLevel":"debug","message":"Comparing 'step.StepImplementation.controlBtqImg' and 'step.StepImplementation.controlBtqImg'"}
{"logLevel":"debug","message":"Found Control boutique image with JS in current project scope."}
{"logLevel":"debug","message":"Comparing 'step.StepImplementation.waitBySeconds' and 'step.StepImplementation.waitBySeconds'"}
{"logLevel":"debug","message":"Found {} second wait in current project scope."}
{"logLevel":"debug","message":"Comparing 'step.StepImplementation.controlCategoryTab' and 'step.StepImplementation.controlCategoryTab'"}
{"logLevel":"debug","message":"Found Is tab text like this {} in current project scope."}
{"logLevel":"debug","message":"Comparing 'step.StepImplementation.isElementClickable' and 'step.StepImplementation.isElementClickable'"}
{"logLevel":"debug","message":"Found Is {} element Clickable ? {} in current project scope."}
{"logLevel":"debug","message":"Comparing 'step.StepImplementation.goToCategoryTab' and 'step.StepImplementation.goToCategoryTab'"}
{"logLevel":"debug","message":"Found Go to {} tab in current project scope."}
{"logLevel":"debug","message":"Comparing 'step.StepImplementation.isElementVisible' and 'step.StepImplementation.isElementVisible'"}
{"logLevel":"debug","message":"Found Is {} element Visible ? {} in current project scope."}
{"logLevel":"debug","message":"Comparing 'step.StepImplementation.chooseRandomBoutique' and 'step.StepImplementation.chooseRandomBoutique'"}
{"logLevel":"debug","message":"Found Choose random boutique in current project scope."}
{"logLevel":"debug","message":"Comparing 'step.StepImplementation.hoverStep' and 'step.StepImplementation.hoverStep'"}
{"logLevel":"debug","message":"Found Hover to {} in current project scope."}
{"logLevel":"debug","message":"Comparing 'step.StepImplementation.checkElementVisibiltyAndClick' and 'step.StepImplementation.checkElementVisibiltyAndClick'"}
{"logLevel":"debug","message":"Found Wait for {} and click in current project scope."}
{"logLevel":"debug","message":"Comparing 'step.StepImplementation.controlProductImage' and 'step.StepImplementation.controlProductImage'"}
{"logLevel":"debug","message":"Found Control product image with JS in current project scope."}
{"logLevel":"debug","message":"Comparing 'step.StepImplementation.findBrokenImagesWithHttp' and 'step.StepImplementation.findBrokenImagesWithHttp'"}
{"logLevel":"debug","message":"Found Find broken images with http {} in current project scope."}
{"logLevel":"debug","message":"Comparing 'step.StepImplementation.sendKeys' and 'step.StepImplementation.sendKeys'"}
{"logLevel":"debug","message":"Found Write {} to the {} and clear area in current project scope."}
{"logLevel":"debug","message":"Comparing 'step.StepImplementation.assertPage' and 'step.StepImplementation.assertPage'"}
{"logLevel":"debug","message":"Found Check page title text {} in current project scope."}
{"logLevel":"debug","message":"Scanning packages for hooks"}
{"logLevel":"debug","message":"Scanned steps (using static parsing + reflections): "}
{"logLevel":"debug","message":"\tHover to {} : public void hoverStep(String key)"}
{"logLevel":"debug","message":"\tIs {} element Clickable ? {} : public boolean isElementClickable(String key, ınt timeout)"}
{"logLevel":"debug","message":"\tIs tab text like this {} : public void controlCategoryTab(String text)"}
{"logLevel":"debug","message":"\tControl boutique image with JS : public void controlBtqImg()"}
{"logLevel":"debug","message":"\tWrite {} to the {} and clear area : public void sendKeys(String text, String key)"}
{"logLevel":"debug","message":"\tFind broken images with http {} : public WebDriver findBrokenImagesWithHttp(String key) throws IOException"}
{"logLevel":"debug","message":"\tIs {} element Visible ? {} : public boolean isElementVisible(String key, ınt timeout)"}
{"logLevel":"debug","message":"\tGo to {} : public void goToUrl(String url)"}
{"logLevel":"debug","message":"\t{} second wait : public void waitBySeconds(ınt seconds)"}
{"logLevel":"debug","message":"\tCheck page title text {} : public final void assertPage(String expectedPageTitle)"}
{"logLevel":"debug","message":"\tGo to {} tab : public void goToCategoryTab(String tabKey)"}
{"logLevel":"debug","message":"\tWait for {} and click : public void checkElementVisibiltyAndClick(String key)"}
{"logLevel":"debug","message":"\tControl product image with JS : public void controlProductImage()"}
{"logLevel":"debug","message":"\tChoose random boutique : public void chooseRandomBoutique()"}
Oca 11, 2021 8:37:19 PM org.openqa.selenium.remote.DesiredCapabilities chrome
INFO: Using `new ChromeOptions()` is preferred to `DesiredCapabilities.chrome()`
Starting ChromeDriver 87.0.4280.20 (c99e81631faa0b2a448e658c0dbd8311fb04ddbd-refs/branch-heads/4280@{#355}) on port 39666
Only local connections are allowed.
Please see https://chromedriver.chromium.org/security-considerations for suggestions on keeping ChromeDriver safe.
ChromeDriver was started successfully.
Oca 11, 2021 8:37:21 PM org.openqa.selenium.remote.ProtocolHandshake createSession
INFO: Detected dialect: W3C
{"logLevel":"debug","message":"Executing 'Go to {}' using 'class step.StepImplementation.goToUrl"}
{"logLevel":"debug","message":"Executing '{} second wait' using 'class step.StepImplementation.waitBySeconds"}
{"logLevel":"debug","message":"Executing 'Wait for {} and click' using 'class step.StepImplementation.checkElementVisibiltyAndClick"}
{"logLevel":"debug","message":"Executing 'Hover to {}' using 'class step.StepImplementation.hoverStep"}
20:38:10.546 [pool-2-thread-1] ERROR Base.BaseTest - By.cssSelector: .i-user-orange---> visibilityOfElementLocated error. [Ljava.lang.StackTraceElement;@757c8ab0
{"logLevel":"debug","message":"Executing 'Wait for {} and click' using 'class step.StepImplementation.checkElementVisibiltyAndClick"}
{"logLevel":"debug","message":"Executing 'Write {} to the {} and clear area' using 'class step.StepImplementation.sendKeys"}
{"logLevel":"debug","message":"Executing 'Write {} to the {} and clear area' using 'class step.StepImplementation.sendKeys"}
{"logLevel":"debug","message":"Executing 'Wait for {} and click' using 'class step.StepImplementation.checkElementVisibiltyAndClick"}
{"logLevel":"debug","message":"Executing 'Is {} element Visible ? {}' using 'class step.StepImplementation.isElementVisible"}
20:38:58.355 [pool-2-thread-1] ERROR Base.BaseTest - By.xpath: //span[@id='logged-in-container']/span[contains(text(),'Hesabım')]---> visibilityOfElementLocated error. [Ljava.lang.StackTraceElement;@6987d3a6
{"logLevel":"debug","message":"Executing '{} second wait' using 'class step.StepImplementation.waitBySeconds"}
{"logLevel":"debug","message":"Executing 'Go to {} tab' using 'class step.StepImplementation.goToCategoryTab"}
{"logLevel":"debug","message":"Executing 'Is tab text like this {}' using 'class step.StepImplementation.controlCategoryTab"}
Tab text : KADIN
{"logLevel":"debug","message":"Executing 'Check page title text {}' using 'class step.StepImplementation.assertPage"}
{"logLevel":"debug","message":"Executing 'Control boutique image with JS' using 'class step.StepImplementation.controlBtqImg"}
{"logLevel":"debug","message":"Executing 'Go to {} tab' using 'class step.StepImplementation.goToCategoryTab"}
{"logLevel":"debug","message":"Executing 'Is tab text like this {}' using 'class step.StepImplementation.controlCategoryTab"}
Tab text : ERKEK
{"logLevel":"debug","message":"Executing 'Check page title text {}' using 'class step.StepImplementation.assertPage"}
{"logLevel":"debug","message":"Executing 'Control boutique image with JS' using 'class step.StepImplementation.controlBtqImg"}
{"logLevel":"debug","message":"Executing 'Go to {} tab' using 'class step.StepImplementation.goToCategoryTab"}
{"logLevel":"debug","message":"Executing 'Is tab text like this {}' using 'class step.StepImplementation.controlCategoryTab"}
Tab text : ÇOCUK
{"logLevel":"debug","message":"Executing 'Check page title text {}' using 'class step.StepImplementation.assertPage"}
{"logLevel":"debug","message":"Executing 'Control boutique image with JS' using 'class step.StepImplementation.controlBtqImg"}
{"logLevel":"debug","message":"Executing 'Go to {} tab' using 'class step.StepImplementation.goToCategoryTab"}
{"logLevel":"debug","message":"Executing 'Is tab text like this {}' using 'class step.StepImplementation.controlCategoryTab"}
Tab text : EV & YAŞAM
{"logLevel":"debug","message":"Executing 'Check page title text {}' using 'class step.StepImplementation.assertPage"}
{"logLevel":"debug","message":"Executing 'Control boutique image with JS' using 'class step.StepImplementation.controlBtqImg"}
{"logLevel":"debug","message":"Executing 'Go to {} tab' using 'class step.StepImplementation.goToCategoryTab"}
{"logLevel":"debug","message":"Executing 'Is tab text like this {}' using 'class step.StepImplementation.controlCategoryTab"}
Tab text : SÜPERMARKET
{"logLevel":"debug","message":"Executing 'Check page title text {}' using 'class step.StepImplementation.assertPage"}
{"logLevel":"debug","message":"Executing 'Control boutique image with JS' using 'class step.StepImplementation.controlBtqImg"}
{"logLevel":"debug","message":"Executing 'Go to {} tab' using 'class step.StepImplementation.goToCategoryTab"}
{"logLevel":"debug","message":"Executing 'Is tab text like this {}' using 'class step.StepImplementation.controlCategoryTab"}
Tab text : KOZMETİK
{"logLevel":"debug","message":"Executing 'Check page title text {}' using 'class step.StepImplementation.assertPage"}
{"logLevel":"debug","message":"Executing 'Control boutique image with JS' using 'class step.StepImplementation.controlBtqImg"}
{"logLevel":"debug","message":"Executing 'Go to {} tab' using 'class step.StepImplementation.goToCategoryTab"}
{"logLevel":"debug","message":"Executing 'Is tab text like this {}' using 'class step.StepImplementation.controlCategoryTab"}
Tab text : AYAKKABI & ÇANTA
{"logLevel":"debug","message":"Executing 'Check page title text {}' using 'class step.StepImplementation.assertPage"}
{"logLevel":"debug","message":"Executing 'Control boutique image with JS' using 'class step.StepImplementation.controlBtqImg"}
{"logLevel":"debug","message":"Executing 'Go to {} tab' using 'class step.StepImplementation.goToCategoryTab"}
{"logLevel":"debug","message":"Executing 'Is tab text like this {}' using 'class step.StepImplementation.controlCategoryTab"}
Tab text : SAAT & AKSESUAR
{"logLevel":"debug","message":"Executing 'Check page title text {}' using 'class step.StepImplementation.assertPage"}
{"logLevel":"debug","message":"Executing 'Control boutique image with JS' using 'class step.StepImplementation.controlBtqImg"}
{"logLevel":"debug","message":"Executing 'Go to {} tab' using 'class step.StepImplementation.goToCategoryTab"}
{"logLevel":"debug","message":"Executing 'Is tab text like this {}' using 'class step.StepImplementation.controlCategoryTab"}
Tab text : ELEKTRONİK
{"logLevel":"debug","message":"Executing 'Check page title text {}' using 'class step.StepImplementation.assertPage"}
{"logLevel":"debug","message":"Executing 'Control boutique image with JS' using 'class step.StepImplementation.controlBtqImg"}
{"logLevel":"debug","message":"Executing 'Choose random boutique' using 'class step.StepImplementation.chooseRandomBoutique"}
{"logLevel":"debug","message":"Executing 'Control product image with JS' using 'class step.StepImplementation.controlProductImage"}
{"logLevel":"debug","message":"Executing 'Wait for {} and click' using 'class step.StepImplementation.checkElementVisibiltyAndClick"}
{"logLevel":"debug","message":"Executing 'Wait for {} and click' using 'class step.StepImplementation.checkElementVisibiltyAndClick"}
Oca 11, 2021 8:39:20 PM org.openqa.selenium.remote.DesiredCapabilities chrome
INFO: Using `new ChromeOptions()` is preferred to `DesiredCapabilities.chrome()`
Starting ChromeDriver 87.0.4280.20 (c99e81631faa0b2a448e658c0dbd8311fb04ddbd-refs/branch-heads/4280@{#355}) on port 9827
Only local connections are allowed.
Please see https://chromedriver.chromium.org/security-considerations for suggestions on keeping ChromeDriver safe.
ChromeDriver was started successfully.
Oca 11, 2021 8:39:22 PM org.openqa.selenium.remote.ProtocolHandshake createSession
INFO: Detected dialect: W3C
{"logLevel":"debug","message":"Executing 'Go to {}' using 'class step.StepImplementation.goToUrl"}
{"logLevel":"debug","message":"Executing '{} second wait' using 'class step.StepImplementation.waitBySeconds"}
{"logLevel":"debug","message":"Executing 'Wait for {} and click' using 'class step.StepImplementation.checkElementVisibiltyAndClick"}
{"logLevel":"debug","message":"Executing 'Hover to {}' using 'class step.StepImplementation.hoverStep"}
20:40:10.880 [pool-2-thread-1] ERROR Base.BaseTest - By.cssSelector: .i-user-orange---> visibilityOfElementLocated error. [Ljava.lang.StackTraceElement;@18194499
{"logLevel":"debug","message":"Executing 'Wait for {} and click' using 'class step.StepImplementation.checkElementVisibiltyAndClick"}
{"logLevel":"debug","message":"Executing 'Write {} to the {} and clear area' using 'class step.StepImplementation.sendKeys"}
{"logLevel":"debug","message":"Executing 'Write {} to the {} and clear area' using 'class step.StepImplementation.sendKeys"}
{"logLevel":"debug","message":"Executing 'Wait for {} and click' using 'class step.StepImplementation.checkElementVisibiltyAndClick"}
{"logLevel":"debug","message":"Executing 'Is {} element Visible ? {}' using 'class step.StepImplementation.isElementVisible"}
20:40:58.565 [pool-2-thread-1] ERROR Base.BaseTest - By.xpath: //span[@id='logged-in-container']/span[contains(text(),'Hesabım')]---> visibilityOfElementLocated error. [Ljava.lang.StackTraceElement;@43763c88
{"logLevel":"debug","message":"Executing '{} second wait' using 'class step.StepImplementation.waitBySeconds"}
{"logLevel":"debug","message":"Executing 'Go to {} tab' using 'class step.StepImplementation.goToCategoryTab"}
{"logLevel":"debug","message":"Executing 'Is tab text like this {}' using 'class step.StepImplementation.controlCategoryTab"}
Tab text : KADIN
{"logLevel":"debug","message":"Executing 'Check page title text {}' using 'class step.StepImplementation.assertPage"}
{"logLevel":"debug","message":"Executing 'Find broken images with http {}' using 'class step.StepImplementation.findBrokenImagesWithHttp"}
{"logLevel":"debug","message":"Executing 'Go to {} tab' using 'class step.StepImplementation.goToCategoryTab"}
{"logLevel":"debug","message":"Executing 'Is tab text like this {}' using 'class step.StepImplementation.controlCategoryTab"}
Tab text : ERKEK
{"logLevel":"debug","message":"Executing 'Check page title text {}' using 'class step.StepImplementation.assertPage"}
{"logLevel":"debug","message":"Executing 'Find broken images with http {}' using 'class step.StepImplementation.findBrokenImagesWithHttp"}
{"logLevel":"debug","message":"Executing 'Go to {} tab' using 'class step.StepImplementation.goToCategoryTab"}
{"logLevel":"debug","message":"Executing 'Is tab text like this {}' using 'class step.StepImplementation.controlCategoryTab"}
Tab text : ÇOCUK
{"logLevel":"debug","message":"Executing 'Check page title text {}' using 'class step.StepImplementation.assertPage"}
{"logLevel":"debug","message":"Executing 'Find broken images with http {}' using 'class step.StepImplementation.findBrokenImagesWithHttp"}
{"logLevel":"debug","message":"Executing 'Go to {} tab' using 'class step.StepImplementation.goToCategoryTab"}
{"logLevel":"debug","message":"Executing 'Is tab text like this {}' using 'class step.StepImplementation.controlCategoryTab"}
Tab text : EV & YAŞAM
{"logLevel":"debug","message":"Executing 'Check page title text {}' using 'class step.StepImplementation.assertPage"}
{"logLevel":"debug","message":"Executing 'Find broken images with http {}' using 'class step.StepImplementation.findBrokenImagesWithHttp"}
{"logLevel":"debug","message":"Executing 'Go to {} tab' using 'class step.StepImplementation.goToCategoryTab"}
{"logLevel":"debug","message":"Executing 'Is tab text like this {}' using 'class step.StepImplementation.controlCategoryTab"}
Tab text : SÜPERMARKET
{"logLevel":"debug","message":"Executing 'Check page title text {}' using 'class step.StepImplementation.assertPage"}
{"logLevel":"debug","message":"Executing 'Find broken images with http {}' using 'class step.StepImplementation.findBrokenImagesWithHttp"}
{"logLevel":"debug","message":"Executing 'Go to {} tab' using 'class step.StepImplementation.goToCategoryTab"}
{"logLevel":"debug","message":"Executing 'Is tab text like this {}' using 'class step.StepImplementation.controlCategoryTab"}
Tab text : KOZMETİK
{"logLevel":"debug","message":"Executing 'Check page title text {}' using 'class step.StepImplementation.assertPage"}
{"logLevel":"debug","message":"Executing 'Find broken images with http {}' using 'class step.StepImplementation.findBrokenImagesWithHttp"}
{"logLevel":"debug","message":"Executing 'Go to {} tab' using 'class step.StepImplementation.goToCategoryTab"}
{"logLevel":"debug","message":"Executing 'Is tab text like this {}' using 'class step.StepImplementation.controlCategoryTab"}
Tab text : AYAKKABI & ÇANTA
{"logLevel":"debug","message":"Executing 'Check page title text {}' using 'class step.StepImplementation.assertPage"}
{"logLevel":"debug","message":"Executing 'Find broken images with http {}' using 'class step.StepImplementation.findBrokenImagesWithHttp"}
{"logLevel":"debug","message":"Executing 'Go to {} tab' using 'class step.StepImplementation.goToCategoryTab"}
{"logLevel":"debug","message":"Executing 'Is tab text like this {}' using 'class step.StepImplementation.controlCategoryTab"}
Tab text : SAAT & AKSESUAR
{"logLevel":"debug","message":"Executing 'Check page title text {}' using 'class step.StepImplementation.assertPage"}
{"logLevel":"debug","message":"Executing 'Find broken images with http {}' using 'class step.StepImplementation.findBrokenImagesWithHttp"}
{"logLevel":"debug","message":"Executing 'Go to {} tab' using 'class step.StepImplementation.goToCategoryTab"}
{"logLevel":"debug","message":"Executing 'Is tab text like this {}' using 'class step.StepImplementation.controlCategoryTab"}
Tab text : ELEKTRONİK
{"logLevel":"debug","message":"Executing 'Check page title text {}' using 'class step.StepImplementation.assertPage"}
{"logLevel":"debug","message":"Executing 'Find broken images with http {}' using 'class step.StepImplementation.findBrokenImagesWithHttp"}
{"logLevel":"debug","message":"Executing 'Choose random boutique' using 'class step.StepImplementation.chooseRandomBoutique"}
{"logLevel":"debug","message":"Executing 'Find broken images with http {}' using 'class step.StepImplementation.findBrokenImagesWithHttp"}
{"logLevel":"debug","message":"Executing 'Wait for {} and click' using 'class step.StepImplementation.checkElementVisibiltyAndClick"}
{"logLevel":"debug","message":"Executing 'Wait for {} and click' using 'class step.StepImplementation.checkElementVisibiltyAndClick"}
